Configuring and building Thirdparty/DBoW2 ...
-- Configuring done
-- Generating done
-- Build files have been written to: /home/eric/dev/ORB_SLAM2/Thirdparty/DBoW2/build
[100%] Built target DBoW2
Configuring and building Thirdparty/g2o ...
-- BUILD TYPE:Release
-- Compiling on Unix
-- Configuring done
-- Generating done
-- Build files have been written to: /home/eric/dev/ORB_SLAM2/Thirdparty/g2o/build
[100%] Built target g2o
Uncompress vocabulary ...
Configuring and building ORB_SLAM2 ...
-- The C compiler identification is GNU 7.2.0
-- The CXX compiler identification is GNU 7.2.0
-- Check for working C compiler: /usr/bin/cc
-- Check for working C compiler: /usr/bin/cc -- works
-- Detecting C compiler ABI info
-- Detecting C compiler ABI info - done
-- Detecting C compile features
-- Detecting C compile features - done
-- Check for working CXX compiler: /usr/bin/c++
-- Check for working CXX compiler: /usr/bin/c++ -- works
-- Detecting CXX compiler ABI info
-- Detecting CXX compiler ABI info - done
-- Detecting CXX compile features
-- Detecting CXX compile features - done
-- Performing Test COMPILER_SUPPORTS_CXX11
-- Performing Test COMPILER_SUPPORTS_CXX11 - Success
-- Performing Test COMPILER_SUPPORTS_CXX0X
-- Performing Test COMPILER_SUPPORTS_CXX0X - Success
-- Using flag -std=c++11.
-- Found Eigen3: /usr/include/eigen3 (Required is at least version "3.1.0") 
-- Configuring done
-- Generating done
-- Build files have been written to: /home/eric/dev/ORB_SLAM2/build
Scanning dependencies of target ORB_SLAM2
[  5%] Building CXX object CMakeFiles/ORB_SLAM2.dir/src/System.cc.o
[  5%] Building CXX object CMakeFiles/ORB_SLAM2.dir/src/Tracking.cc.o
[  8%] Building CXX object CMakeFiles/ORB_SLAM2.dir/src/LoopClosing.cc.o
[ 11%] Building CXX object CMakeFiles/ORB_SLAM2.dir/src/ORBextractor.cc.o
[ 14%] Building CXX object CMakeFiles/ORB_SLAM2.dir/src/ORBmatcher.cc.o
[ 17%] Building CXX object CMakeFiles/ORB_SLAM2.dir/src/FrameDrawer.cc.o
[ 20%] Building CXX object CMakeFiles/ORB_SLAM2.dir/src/LocalMapping.cc.o
[ 23%] Building CXX object CMakeFiles/ORB_SLAM2.dir/src/Optimizer.cc.o
[ 26%] Building CXX object CMakeFiles/ORB_SLAM2.dir/src/Viewer.cc.o
[ 29%] Building CXX object CMakeFiles/ORB_SLAM2.dir/src/PnPsolver.cc.o
[ 32%] Building CXX object CMakeFiles/ORB_SLAM2.dir/src/MapDrawer.cc.o
[ 35%] Building CXX object CMakeFiles/ORB_SLAM2.dir/src/Converter.cc.o
[ 38%] Building CXX object CMakeFiles/ORB_SLAM2.dir/src/KeyFrame.cc.o
[ 41%] Building CXX object CMakeFiles/ORB_SLAM2.dir/src/MapPoint.cc.o
[ 44%] Building CXX object CMakeFiles/ORB_SLAM2.dir/src/KeyFrameDatabase.cc.o
[ 47%] Building CXX object CMakeFiles/ORB_SLAM2.dir/src/Map.cc.o
[ 55%] Building CXX object CMakeFiles/ORB_SLAM2.dir/src/Frame.cc.o
[ 55%] Building CXX object CMakeFiles/ORB_SLAM2.dir/src/Sim3Solver.cc.o
[ 55%] Building CXX object CMakeFiles/ORB_SLAM2.dir/src/Initializer.cc.o
CMakeFiles/ORB_SLAM2.dir/build.make:134: recipe for target 'CMakeFiles/ORB_SLAM2.dir/src/LoopClosing.cc.o' failed
CMakeFiles/ORB_SLAM2.dir/build.make:62: recipe for target 'CMakeFiles/ORB_SLAM2.dir/src/System.cc.o' failed
CMakeFiles/ORB_SLAM2.dir/build.make:494: recipe for target 'CMakeFiles/ORB_SLAM2.dir/src/Viewer.cc.o' failed
CMakeFiles/ORB_SLAM2.dir/build.make:110: recipe for target 'CMakeFiles/ORB_SLAM2.dir/src/LocalMapping.cc.o' failed
CMakeFiles/ORB_SLAM2.dir/build.make:86: recipe for target 'CMakeFiles/ORB_SLAM2.dir/src/Tracking.cc.o' failed
CMakeFiles/Makefile2:289: recipe for target 'CMakeFiles/ORB_SLAM2.dir/all' failed
Makefile:83: recipe for target 'all' failed
